running egg_info
creating ../../build/yolov8_ros2/yolov8_ros2.egg-info
writing ../../build/yolov8_ros2/yolov8_ros2.egg-info/PKG-INFO
writing dependency_links to ../../build/yolov8_ros2/yolov8_ros2.egg-info/dependency_links.txt
writing entry points to ../../build/yolov8_ros2/yolov8_ros2.egg-info/entry_points.txt
writing requirements to ../../build/yolov8_ros2/yolov8_ros2.egg-info/requires.txt
writing top-level names to ../../build/yolov8_ros2/yolov8_ros2.egg-info/top_level.txt
writing manifest file '../../build/yolov8_ros2/yolov8_ros2.egg-info/SOURCES.txt'
reading manifest file '../../build/yolov8_ros2/yolov8_ros2.egg-info/SOURCES.txt'
writing manifest file '../../build/yolov8_ros2/yolov8_ros2.egg-info/SOURCES.txt'
running build
running build_py
creating /home/ano/Documents/yolov8_ros2/build/yolov8_ros2/build
creating /home/ano/Documents/yolov8_ros2/build/yolov8_ros2/build/lib
creating /home/ano/Documents/yolov8_ros2/build/yolov8_ros2/build/lib/yolov8_ros2
copying yolov8_ros2/detect.py -> /home/ano/Documents/yolov8_ros2/build/yolov8_ros2/build/lib/yolov8_ros2
copying yolov8_ros2/__init__.py -> /home/ano/Documents/yolov8_ros2/build/yolov8_ros2/build/lib/yolov8_ros2
running install
/usr/lib/python3/dist-packages/setuptools/command/install.py:34: SetuptoolsDeprecationWarning: setup.py install is deprecated. Use build and pip and other standards-based tools.
  warnings.warn(
running install_lib
creating /home/ano/Documents/yolov8_ros2/install/yolov8_ros2/lib/python3.10/site-packages/yolov8_ros2
copying /home/ano/Documents/yolov8_ros2/build/yolov8_ros2/build/lib/yolov8_ros2/detect.py -> /home/ano/Documents/yolov8_ros2/install/yolov8_ros2/lib/python3.10/site-packages/yolov8_ros2
copying /home/ano/Documents/yolov8_ros2/build/yolov8_ros2/build/lib/yolov8_ros2/__init__.py -> /home/ano/Documents/yolov8_ros2/install/yolov8_ros2/lib/python3.10/site-packages/yolov8_ros2
byte-compiling /home/ano/Documents/yolov8_ros2/install/yolov8_ros2/lib/python3.10/site-packages/yolov8_ros2/detect.py to detect.cpython-310.pyc
byte-compiling /home/ano/Documents/yolov8_ros2/install/yolov8_ros2/lib/python3.10/site-packages/yolov8_ros2/__init__.py to __init__.cpython-310.pyc
running install_data
creating /home/ano/Documents/yolov8_ros2/install/yolov8_ros2/share/ament_index
creating /home/ano/Documents/yolov8_ros2/install/yolov8_ros2/share/ament_index/resource_index
creating /home/ano/Documents/yolov8_ros2/install/yolov8_ros2/share/ament_index/resource_index/packages
copying resource/yolov8_ros2 -> /home/ano/Documents/yolov8_ros2/install/yolov8_ros2/share/ament_index/resource_index/packages
copying package.xml -> /home/ano/Documents/yolov8_ros2/install/yolov8_ros2/share/yolov8_ros2
running install_egg_info
Copying ../../build/yolov8_ros2/yolov8_ros2.egg-info to /home/ano/Documents/yolov8_ros2/install/yolov8_ros2/lib/python3.10/site-packages/yolov8_ros2-0.0.0-py3.10.egg-info
running install_scripts
writing list of installed files to '/home/ano/Documents/yolov8_ros2/build/yolov8_ros2/install.log'
