[0.743s] Invoking command in '/home/ano/Documents/yolov8_ros2/src/yolov8_ros2': PYTHONPATH=/home/ano/Documents/yolov8_ros2/build/yolov8_ros2/prefix_override:/home/ano/Documents/yolov8_ros2/install/yolov8_ros2/lib/python3.10/site-packages:${PYTHONPATH} /usr/bin/python3 setup.py egg_info --egg-base ../../build/yolov8_ros2 build --build-base /home/ano/Documents/yolov8_ros2/build/yolov8_ros2/build install --record /home/ano/Documents/yolov8_ros2/build/yolov8_ros2/install.log --single-version-externally-managed
[0.985s] running egg_info
[0.985s] creating ../../build/yolov8_ros2/yolov8_ros2.egg-info
[0.985s] writing ../../build/yolov8_ros2/yolov8_ros2.egg-info/PKG-INFO
[0.986s] writing dependency_links to ../../build/yolov8_ros2/yolov8_ros2.egg-info/dependency_links.txt
[0.986s] writing entry points to ../../build/yolov8_ros2/yolov8_ros2.egg-info/entry_points.txt
[0.986s] writing requirements to ../../build/yolov8_ros2/yolov8_ros2.egg-info/requires.txt
[0.986s] writing top-level names to ../../build/yolov8_ros2/yolov8_ros2.egg-info/top_level.txt
[0.986s] writing manifest file '../../build/yolov8_ros2/yolov8_ros2.egg-info/SOURCES.txt'
[0.988s] reading manifest file '../../build/yolov8_ros2/yolov8_ros2.egg-info/SOURCES.txt'
[0.989s] writing manifest file '../../build/yolov8_ros2/yolov8_ros2.egg-info/SOURCES.txt'
[0.989s] running build
[0.989s] running build_py
[0.989s] creating /home/ano/Documents/yolov8_ros2/build/yolov8_ros2/build
[0.989s] creating /home/ano/Documents/yolov8_ros2/build/yolov8_ros2/build/lib
[0.989s] creating /home/ano/Documents/yolov8_ros2/build/yolov8_ros2/build/lib/yolov8_ros2
[0.989s] copying yolov8_ros2/detect.py -> /home/ano/Documents/yolov8_ros2/build/yolov8_ros2/build/lib/yolov8_ros2
[0.990s] copying yolov8_ros2/__init__.py -> /home/ano/Documents/yolov8_ros2/build/yolov8_ros2/build/lib/yolov8_ros2
[0.990s] running install
[0.990s] /usr/lib/python3/dist-packages/setuptools/command/install.py:34: SetuptoolsDeprecationWarning: setup.py install is deprecated. Use build and pip and other standards-based tools.
[0.990s]   warnings.warn(
[0.990s] running install_lib
[0.991s] creating /home/ano/Documents/yolov8_ros2/install/yolov8_ros2/lib/python3.10/site-packages/yolov8_ros2
[0.991s] copying /home/ano/Documents/yolov8_ros2/build/yolov8_ros2/build/lib/yolov8_ros2/detect.py -> /home/ano/Documents/yolov8_ros2/install/yolov8_ros2/lib/python3.10/site-packages/yolov8_ros2
[0.991s] copying /home/ano/Documents/yolov8_ros2/build/yolov8_ros2/build/lib/yolov8_ros2/__init__.py -> /home/ano/Documents/yolov8_ros2/install/yolov8_ros2/lib/python3.10/site-packages/yolov8_ros2
[0.991s] byte-compiling /home/ano/Documents/yolov8_ros2/install/yolov8_ros2/lib/python3.10/site-packages/yolov8_ros2/detect.py to detect.cpython-310.pyc
[0.992s] byte-compiling /home/ano/Documents/yolov8_ros2/install/yolov8_ros2/lib/python3.10/site-packages/yolov8_ros2/__init__.py to __init__.cpython-310.pyc
[0.992s] running install_data
[0.992s] creating /home/ano/Documents/yolov8_ros2/install/yolov8_ros2/share/ament_index
[0.992s] creating /home/ano/Documents/yolov8_ros2/install/yolov8_ros2/share/ament_index/resource_index
[0.992s] creating /home/ano/Documents/yolov8_ros2/install/yolov8_ros2/share/ament_index/resource_index/packages
[0.993s] copying resource/yolov8_ros2 -> /home/ano/Documents/yolov8_ros2/install/yolov8_ros2/share/ament_index/resource_index/packages
[0.993s] copying package.xml -> /home/ano/Documents/yolov8_ros2/install/yolov8_ros2/share/yolov8_ros2
[0.993s] running install_egg_info
[0.994s] Copying ../../build/yolov8_ros2/yolov8_ros2.egg-info to /home/ano/Documents/yolov8_ros2/install/yolov8_ros2/lib/python3.10/site-packages/yolov8_ros2-0.0.0-py3.10.egg-info
[0.995s] running install_scripts
[1.012s] writing list of installed files to '/home/ano/Documents/yolov8_ros2/build/yolov8_ros2/install.log'
[1.030s] Invoked command in '/home/ano/Documents/yolov8_ros2/src/yolov8_ros2' returned '0': PYTHONPATH=/home/ano/Documents/yolov8_ros2/build/yolov8_ros2/prefix_override:/home/ano/Documents/yolov8_ros2/install/yolov8_ros2/lib/python3.10/site-packages:${PYTHONPATH} /usr/bin/python3 setup.py egg_info --egg-base ../../build/yolov8_ros2 build --build-base /home/ano/Documents/yolov8_ros2/build/yolov8_ros2/build install --record /home/ano/Documents/yolov8_ros2/build/yolov8_ros2/install.log --single-version-externally-managed
