running egg_info
writing ../../build/yolov8_ros2/yolov8_ros2.egg-info/PKG-INFO
writing dependency_links to ../../build/yolov8_ros2/yolov8_ros2.egg-info/dependency_links.txt
writing entry points to ../../build/yolov8_ros2/yolov8_ros2.egg-info/entry_points.txt
writing requirements to ../../build/yolov8_ros2/yolov8_ros2.egg-info/requires.txt
writing top-level names to ../../build/yolov8_ros2/yolov8_ros2.egg-info/top_level.txt
reading manifest file '../../build/yolov8_ros2/yolov8_ros2.egg-info/SOURCES.txt'
writing manifest file '../../build/yolov8_ros2/yolov8_ros2.egg-info/SOURCES.txt'
running build
running build_py
running install
/usr/lib/python3/dist-packages/setuptools/command/install.py:34: SetuptoolsDeprecationWarning: setup.py install is deprecated. Use build and pip and other standards-based tools.
  warnings.warn(
running install_lib
running install_data
running install_egg_info
removing '/home/ano/Documents/yolov8_ros2/install/yolov8_ros2/lib/python3.10/site-packages/yolov8_ros2-0.0.0-py3.10.egg-info' (and everything under it)
Copying ../../build/yolov8_ros2/yolov8_ros2.egg-info to /home/ano/Documents/yolov8_ros2/install/yolov8_ros2/lib/python3.10/site-packages/yolov8_ros2-0.0.0-py3.10.egg-info
running install_scripts
Installing detect script to /home/ano/Documents/yolov8_ros2/install/yolov8_ros2/lib/yolov8_ros2
writing list of installed files to '/home/ano/Documents/yolov8_ros2/build/yolov8_ros2/install.log'
