[0.818s] Invoking command in '/home/ano/Documents/yolov8_ros2/src/yolov8_ros2': PYTHONPATH=/home/ano/Documents/yolov8_ros2/build/yolov8_ros2/prefix_override:/home/ano/Documents/yolov8_ros2/install/yolov8_ros2/lib/python3.10/site-packages:${PYTHONPATH} /usr/bin/python3 setup.py egg_info --egg-base ../../build/yolov8_ros2 build --build-base /home/ano/Documents/yolov8_ros2/build/yolov8_ros2/build install --record /home/ano/Documents/yolov8_ros2/build/yolov8_ros2/install.log --single-version-externally-managed
[1.085s] running egg_info
[1.085s] writing ../../build/yolov8_ros2/yolov8_ros2.egg-info/PKG-INFO
[1.085s] writing dependency_links to ../../build/yolov8_ros2/yolov8_ros2.egg-info/dependency_links.txt
[1.086s] writing entry points to ../../build/yolov8_ros2/yolov8_ros2.egg-info/entry_points.txt
[1.086s] writing requirements to ../../build/yolov8_ros2/yolov8_ros2.egg-info/requires.txt
[1.086s] writing top-level names to ../../build/yolov8_ros2/yolov8_ros2.egg-info/top_level.txt
[1.087s] reading manifest file '../../build/yolov8_ros2/yolov8_ros2.egg-info/SOURCES.txt'
[1.088s] writing manifest file '../../build/yolov8_ros2/yolov8_ros2.egg-info/SOURCES.txt'
[1.088s] running build
[1.088s] running build_py
[1.089s] running install
[1.089s] /usr/lib/python3/dist-packages/setuptools/command/install.py:34: SetuptoolsDeprecationWarning: setup.py install is deprecated. Use build and pip and other standards-based tools.
[1.089s]   warnings.warn(
[1.089s] running install_lib
[1.090s] running install_data
[1.090s] running install_egg_info
[1.092s] removing '/home/ano/Documents/yolov8_ros2/install/yolov8_ros2/lib/python3.10/site-packages/yolov8_ros2-0.0.0-py3.10.egg-info' (and everything under it)
[1.092s] Copying ../../build/yolov8_ros2/yolov8_ros2.egg-info to /home/ano/Documents/yolov8_ros2/install/yolov8_ros2/lib/python3.10/site-packages/yolov8_ros2-0.0.0-py3.10.egg-info
[1.093s] running install_scripts
[1.112s] Installing detect script to /home/ano/Documents/yolov8_ros2/install/yolov8_ros2/lib/yolov8_ros2
[1.112s] writing list of installed files to '/home/ano/Documents/yolov8_ros2/build/yolov8_ros2/install.log'
[1.140s] Invoked command in '/home/ano/Documents/yolov8_ros2/src/yolov8_ros2' returned '0': PYTHONPATH=/home/ano/Documents/yolov8_ros2/build/yolov8_ros2/prefix_override:/home/ano/Documents/yolov8_ros2/install/yolov8_ros2/lib/python3.10/site-packages:${PYTHONPATH} /usr/bin/python3 setup.py egg_info --egg-base ../../build/yolov8_ros2 build --build-base /home/ano/Documents/yolov8_ros2/build/yolov8_ros2/build install --record /home/ano/Documents/yolov8_ros2/build/yolov8_ros2/install.log --single-version-externally-managed
